c:\users\eleme\desktop\flex\flex-1.1.0\extensions\compiler\vc14win64\build\win64\dx\release\vc140.pdb
c:\users\eleme\desktop\flex\flex-1.1.0\extensions\compiler\vc14win64\build\win64\dx\release\flexextcontainer.obj
c:\users\eleme\desktop\flex\flex-1.1.0\extensions\compiler\vc14win64\build\win64\dx\release\flexextmovingframe.obj
c:\users\eleme\desktop\flex\flex-1.1.0\extensions\compiler\vc14win64\build\win64\dx\release\flexextsoft.obj
c:\users\eleme\desktop\flex\flex-1.1.0\extensions\compiler\vc14win64\build\win64\dx\release\flexextrigid.obj
c:\users\eleme\desktop\flex\flex-1.1.0\extensions\compiler\vc14win64\build\win64\dx\release\flexextcloth.obj
c:\users\eleme\desktop\flex\flex-1.1.0\extensions\compiler\vc14win64\build\win64\dx\release\flexext.obj
c:\users\eleme\desktop\flex\flex-1.1.0\extensions\compiler\vc14win64\build\win64\dx\release\aabbtree.obj
c:\users\eleme\desktop\flex\flex-1.1.0\extensions\compiler\vc14win64\build\win64\dx\release\maths.obj
c:\users\eleme\desktop\flex\flex-1.1.0\extensions\compiler\vc14win64\build\win64\dx\release\voxelize.obj
c:\users\eleme\desktop\flex\flex-1.1.0\extensions\compiler\vc14win64\build\win64\dx\release\sdf.obj
c:\users\eleme\desktop\flex\flex-1.1.0\extensions\dx\shaders\flexext.updateforcefields.h
c:\users\eleme\desktop\flex\flex-1.1.0\lib\win64\nvflexextreleased3d_x64.lib
c:\users\eleme\desktop\flex\flex-1.1.0\lib\win64\nvflexextreleased3d_x64.exp
c:\users\eleme\desktop\flex\flex-1.1.0\bin\win64\nvflexextreleased3d_x64.dll
c:\users\eleme\desktop\flex\flex-1.1.0\bin\win64\nvflexextreleased3d_x64.ipdb
c:\users\eleme\desktop\flex\flex-1.1.0\bin\win64\nvflexextreleased3d_x64.iobj
c:\users\eleme\desktop\flex\flex-1.1.0\bin\win64\nvflexextreleased3d_x64.dll.pdb
c:\users\eleme\desktop\flex\flex-1.1.0\extensions\compiler\vc14win64\./../../../bin/win64\nvflexextreleased3d_x64.dll
c:\users\eleme\desktop\flex\flex-1.1.0\extensions\compiler\vc14win64\build\win64\dx\release\flexextd3d.tlog\cl.command.1.tlog
c:\users\eleme\desktop\flex\flex-1.1.0\extensions\compiler\vc14win64\build\win64\dx\release\flexextd3d.tlog\cl.read.1.tlog
c:\users\eleme\desktop\flex\flex-1.1.0\extensions\compiler\vc14win64\build\win64\dx\release\flexextd3d.tlog\cl.write.1.tlog
c:\users\eleme\desktop\flex\flex-1.1.0\extensions\compiler\vc14win64\build\win64\dx\release\flexextd3d.tlog\flexextd3d.write.1u.tlog
c:\users\eleme\desktop\flex\flex-1.1.0\extensions\compiler\vc14win64\build\win64\dx\release\flexextd3d.tlog\fxc.command.1.tlog
c:\users\eleme\desktop\flex\flex-1.1.0\extensions\compiler\vc14win64\build\win64\dx\release\flexextd3d.tlog\fxc.read.1.tlog
c:\users\eleme\desktop\flex\flex-1.1.0\extensions\compiler\vc14win64\build\win64\dx\release\flexextd3d.tlog\fxc.write.1.tlog
c:\users\eleme\desktop\flex\flex-1.1.0\extensions\compiler\vc14win64\build\win64\dx\release\flexextd3d.tlog\link.command.1.tlog
c:\users\eleme\desktop\flex\flex-1.1.0\extensions\compiler\vc14win64\build\win64\dx\release\flexextd3d.tlog\link.read.1.tlog
c:\users\eleme\desktop\flex\flex-1.1.0\extensions\compiler\vc14win64\build\win64\dx\release\flexextd3d.tlog\link.write.1.tlog
